{
  "stats": {
    "suites": 0,
    "tests": 1,
    "passes": 1,
    "pending": 0,
    "failures": 0,
    "start": "2023-08-04T14:46:13.742Z",
    "end": "2023-08-04T14:46:23.721Z",
    "duration": 9979,
    "testsRegistered": 1,
    "passPercent": 100,
    "pendingPercent": 0,
    "other": 0,
    "hasOther": false,
    "skipped": 0,
    "hasSkipped": false
  },
  "results": [
    {
      "uuid": "8d60f45b-3f91-4e36-b43c-91477f2d5436",
      "title": "",
      "fullFile": "cypress/e2e/my_first_test.cy.js",
      "file": "cypress/e2e/my_first_test.cy.js",
      "beforeHooks": [],
      "afterHooks": [],
      "tests": [
        {
          "title": "Login orangeHRM",
          "fullTitle": "Login orangeHRM",
          "timedOut": null,
          "duration": 8121,
          "state": "passed",
          "speed": "medium",
          "pass": true,
          "fail": false,
          "pending": false,
          "context": null,
          "code": "cy.visit(\"https://opensource-demo.orangehrmlive.com/web/index.php/auth/login\");\ncy.get('input[name=\"username\"]').type(\"Admin\");\ncy.get('input[name=\"password\"]').type(\"admin123\");\ncy.get('.oxd-button').click();\ncy.get(':nth-child(1) > .oxd-main-menu-item > .oxd-text').click();\ncy.get('.orangehrm-header-container > .oxd-button').click();\ncy.get('.oxd-button--secondary').click();",
          "err": {},
          "uuid": "f6629f21-fae8-41d7-8f26-ef1cddf77a77",
          "parentUUID": "8d60f45b-3f91-4e36-b43c-91477f2d5436",
          "isHook": false,
          "skipped": false
        }
      ],
      "suites": [],
      "passes": [
        "f6629f21-fae8-41d7-8f26-ef1cddf77a77"
      ],
      "failures": [],
      "pending": [],
      "skipped": [],
      "duration": 8121,
      "root": true,
      "rootEmpty": false,
      "_timeout": 2000
    }
  ],
  "meta": {
    "mocha": {
      "version": "7.0.1"
    },
    "mochawesome": {
      "options": {
        "quiet": false,
        "reportFilename": "mochawesome",
        "saveHtml": false,
        "saveJson": true,
        "consoleReporter": "spec",
        "useInlineDiffs": false,
        "code": true
      },
      "version": "7.1.3"
    },
    "marge": {
      "options": {
        "charts": true,
        "overwrite": false,
        "html": false,
        "json": true,
        "reportDir": "cypress/reports"
      },
      "version": "6.2.0"
    }
  }
}