{
  "stats": {
    "suites": 1,
    "tests": 4,
    "passes": 4,
    "pending": 0,
    "failures": 0,
    "start": "2023-08-04T14:46:27.357Z",
    "end": "2023-08-04T14:46:27.478Z",
    "duration": 121,
    "testsRegistered": 4,
    "passPercent": 100,
    "pendingPercent": 0,
    "other": 0,
    "hasOther": false,
    "skipped": 0,
    "hasSkipped": false
  },
  "results": [
    {
      "uuid": "cc34d0f3-7f79-4d16-9099-1f0163044e89",
      "title": "",
      "fullFile": "cypress/e2e/readwritefile.cy.js",
      "file": "cypress/e2e/readwritefile.cy.js",
      "beforeHooks": [],
      "afterHooks": [],
      "tests": [],
      "suites": [
        {
          "uuid": "341633cf-2b6c-4dae-b9ed-a80ca4b7245f",
          "title": "read write file tests",
          "fullFile": "",
          "file": "",
          "beforeHooks": [],
          "afterHooks": [],
          "tests": [
            {
              "title": "read file using fixture",
              "fullTitle": "read write file tests read file using fixture",
              "timedOut": null,
              "duration": 60,
              "state": "passed",
              "speed": "fast",
              "pass": true,
              "fail": false,
              "pending": false,
              "context": null,
              "code": "cy.fixture('example.json').its('name').should('equals', 'hello');\n// cy.log(this.data.name)",
              "err": {},
              "uuid": "a69f1221-281c-4084-afb9-f33f84bbda1d",
              "parentUUID": "341633cf-2b6c-4dae-b9ed-a80ca4b7245f",
              "isHook": false,
              "skipped": false
            },
            {
              "title": "read file using readFile function",
              "fullTitle": "read write file tests read file using readFile function",
              "timedOut": null,
              "duration": 18,
              "state": "passed",
              "speed": "fast",
              "pass": true,
              "fail": false,
              "pending": false,
              "context": null,
              "code": "cy.readFile('./cypress/fixtures/example.json').its('name').should('eq', 'hello');",
              "err": {},
              "uuid": "314cc17f-1c40-4e26-aae9-d25d0354b134",
              "parentUUID": "341633cf-2b6c-4dae-b9ed-a80ca4b7245f",
              "isHook": false,
              "skipped": false
            },
            {
              "title": "write file",
              "fullTitle": "read write file tests write file",
              "timedOut": null,
              "duration": 21,
              "state": "passed",
              "speed": "fast",
              "pass": true,
              "fail": false,
              "pending": false,
              "context": null,
              "code": "cy.writeFile('sample.txt', 'Hello writing file');\ncy.writeFile('sample.txt', 'hello i am janani'); //this will replace above txt\ncy.writeFile('sample.txt', '\\nAdding new line using flag: a+', {\n  flag: 'a+'\n});\ncy.readFile('sample.txt').should('contain', 'janani');",
              "err": {},
              "uuid": "bde6bd9a-cbce-4657-b295-cea303f4dad6",
              "parentUUID": "341633cf-2b6c-4dae-b9ed-a80ca4b7245f",
              "isHook": false,
              "skipped": false
            },
            {
              "title": "write file giving path",
              "fullTitle": "read write file tests write file giving path",
              "timedOut": null,
              "duration": 13,
              "state": "passed",
              "speed": "fast",
              "pass": true,
              "fail": false,
              "pending": false,
              "context": null,
              "code": "cy.writeFile('/Users/janani/Projects/CypressProject/cypress/Files/SampleWriteFile.txt', 'Writing in a file by giving path');\ncy.writeFile('/Users/janani/Projects/CypressProject/cypress/Files/SampleWriteFile.txt', '\\nNew line', {\n  flag: 'a+'\n});",
              "err": {},
              "uuid": "22e934ae-8383-4804-823a-58a854fee76b",
              "parentUUID": "341633cf-2b6c-4dae-b9ed-a80ca4b7245f",
              "isHook": false,
              "skipped": false
            }
          ],
          "suites": [],
          "passes": [
            "a69f1221-281c-4084-afb9-f33f84bbda1d",
            "314cc17f-1c40-4e26-aae9-d25d0354b134",
            "bde6bd9a-cbce-4657-b295-cea303f4dad6",
            "22e934ae-8383-4804-823a-58a854fee76b"
          ],
          "failures": [],
          "pending": [],
          "skipped": [],
          "duration": 112,
          "root": false,
          "rootEmpty": false,
          "_timeout": 2000
        }
      ],
      "passes": [],
      "failures": [],
      "pending": [],
      "skipped": [],
      "duration": 0,
      "root": true,
      "rootEmpty": true,
      "_timeout": 2000
    }
  ],
  "meta": {
    "mocha": {
      "version": "7.0.1"
    },
    "mochawesome": {
      "options": {
        "quiet": false,
        "reportFilename": "mochawesome",
        "saveHtml": false,
        "saveJson": true,
        "consoleReporter": "spec",
        "useInlineDiffs": false,
        "code": true
      },
      "version": "7.1.3"
    },
    "marge": {
      "options": {
        "charts": true,
        "overwrite": false,
        "html": false,
        "json": true,
        "reportDir": "cypress/reports"
      },
      "version": "6.2.0"
    }
  }
}