{
  "stats": {
    "suites": 0,
    "tests": 1,
    "passes": 0,
    "pending": 0,
    "failures": 1,
    "start": "2023-08-04T14:46:00.761Z",
    "end": "2023-08-04T14:46:01.036Z",
    "duration": 275,
    "testsRegistered": 1,
    "passPercent": 0,
    "pendingPercent": 0,
    "other": 0,
    "hasOther": false,
    "skipped": 0,
    "hasSkipped": false
  },
  "results": [
    {
      "uuid": "6893e2f8-35ce-459c-9392-b8b4a4ea7b7f",
      "title": "",
      "fullFile": "cypress/e2e/assertions.cy.js",
      "file": "cypress/e2e/assertions.cy.js",
      "beforeHooks": [],
      "afterHooks": [],
      "tests": [
        {
          "title": "implicit assertion",
          "fullTitle": "implicit assertion",
          "timedOut": null,
          "duration": 248,
          "state": "failed",
          "speed": null,
          "pass": false,
          "fail": true,
          "pending": false,
          "context": null,
          "code": "cy.visit('https://example.cypress.io/');\n// cy.wait(2000)\ncy.contains('get').click();\ncy.get('#query-btn', {\n  timeout: 2000\n}) //timeout : wait untill it fails\n.should('contain', 'Button').should('have.class', 'query-btn').should('be.enabled', 'Button');\ncy.get('#query-btn').invoke('attr', 'id').should('equal', 'query-btn');\ncy.get('#query-btn').should('contain', 'Button').and('have.class', 'query-btn').and('be.enabled', 'Button');\n//explicit assertion\n//expect\nexpect(true).to.be.true;\nlet name = 'Jan';\nexpect(name).to.be.equal('Jan');\n//assert\nassert.equal(4, 4, 'Not equal');\nassert.strictEqual(4, '4', 'Not strictly equal');",
          "err": {
            "message": "AssertionError: Not strictly equal: expected 4 to equal '4'",
            "estack": "AssertionError: Not strictly equal: expected 4 to equal '4'\n    at Context.eval (webpack:///./cypress/e2e/assertions.cy.js:31:11)",
            "diff": "- 4\n+ '4'\n"
          },
          "uuid": "1e148adf-8ba6-4379-9409-c309996a4a1c",
          "parentUUID": "6893e2f8-35ce-459c-9392-b8b4a4ea7b7f",
          "isHook": false,
          "skipped": false
        }
      ],
      "suites": [],
      "passes": [],
      "failures": [
        "1e148adf-8ba6-4379-9409-c309996a4a1c"
      ],
      "pending": [],
      "skipped": [],
      "duration": 248,
      "root": true,
      "rootEmpty": false,
      "_timeout": 2000
    }
  ],
  "meta": {
    "mocha": {
      "version": "7.0.1"
    },
    "mochawesome": {
      "options": {
        "quiet": false,
        "reportFilename": "mochawesome",
        "saveHtml": false,
        "saveJson": true,
        "consoleReporter": "spec",
        "useInlineDiffs": false,
        "code": true
      },
      "version": "7.1.3"
    },
    "marge": {
      "options": {
        "charts": true,
        "overwrite": false,
        "html": false,
        "json": true,
        "reportDir": "cypress/reports"
      },
      "version": "6.2.0"
    }
  }
}