{
  "stats": {
    "suites": 1,
    "tests": 2,
    "passes": 2,
    "pending": 1,
    "failures": -1,
    "start": "2023-08-04T14:46:08.847Z",
    "end": "2023-08-04T14:46:11.275Z",
    "duration": 2428,
    "testsRegistered": 3,
    "passPercent": 100,
    "pendingPercent": 33.33333333333333,
    "other": 1,
    "hasOther": true,
    "skipped": 0,
    "hasSkipped": false
  },
  "results": [
    {
      "uuid": "ef7f95a5-fc7d-4a75-ac10-ce0eff5d0e45",
      "title": "",
      "fullFile": "cypress/e2e/login.cy.js",
      "file": "cypress/e2e/login.cy.js",
      "beforeHooks": [],
      "afterHooks": [],
      "tests": [],
      "suites": [
        {
          "uuid": "7b16c41c-107b-4bf6-aea3-b19bded77bd4",
          "title": "all login tests",
          "fullFile": "",
          "file": "",
          "beforeHooks": [],
          "afterHooks": [],
          "tests": [
            {
              "title": "Login Test",
              "fullTitle": "all login tests Login Test",
              "timedOut": null,
              "duration": 777,
              "state": "passed",
              "speed": "fast",
              "pass": true,
              "fail": false,
              "pending": false,
              "context": null,
              "code": "// login.navigate('https://trytestingthis.netlify.app/')\nlogin.enterCredentials('test', 'test');\nlogin.clickLoginButton();\ncy.contains('Login Successful :)');\ncy.contains('here').click();",
              "err": {},
              "uuid": "7c0661b7-1f29-4cdc-a85a-77ced08980a2",
              "parentUUID": "7b16c41c-107b-4bf6-aea3-b19bded77bd4",
              "isHook": false,
              "skipped": false
            },
            {
              "title": "Login with invalid username",
              "fullTitle": "all login tests Login with invalid username",
              "timedOut": null,
              "duration": 0,
              "state": "pending",
              "speed": null,
              "pass": false,
              "fail": false,
              "pending": true,
              "context": null,
              "code": "login.enterCredentials('test123', 'test');\nlogin.clickLoginButton();\ncy.on('window:alert', txt => {\n  expect(txt).to.be.equal('Wrong Credentials! Try again!');\n});\n// cy.contains('Login Successful :)') \n// cy.contains('here').click()",
              "err": {},
              "uuid": "cc082573-f214-4039-a7e4-00897ed3675c",
              "parentUUID": "7b16c41c-107b-4bf6-aea3-b19bded77bd4",
              "isHook": false,
              "skipped": false
            },
            {
              "title": "Login with invalid password",
              "fullTitle": "all login tests Login with invalid password",
              "timedOut": null,
              "duration": 701,
              "state": "passed",
              "speed": "fast",
              "pass": true,
              "fail": false,
              "pending": false,
              "context": null,
              "code": "// login.navigate('https://trytestingthis.netlify.app/')\nlogin.enterCredentials('test', 'test123');\nlogin.clickLoginButton();\ncy.on('window:alert', txt => {\n  expect(txt).to.be.equal('Wrong Credentials! Try again!');\n});\n// cy.contains('Login Successful :)') \n// cy.contains('here').click()",
              "err": {},
              "uuid": "916501d2-34c6-4240-a616-067e2d05da1f",
              "parentUUID": "7b16c41c-107b-4bf6-aea3-b19bded77bd4",
              "isHook": false,
              "skipped": false
            }
          ],
          "suites": [],
          "passes": [
            "7c0661b7-1f29-4cdc-a85a-77ced08980a2",
            "916501d2-34c6-4240-a616-067e2d05da1f"
          ],
          "failures": [],
          "pending": [
            "cc082573-f214-4039-a7e4-00897ed3675c"
          ],
          "skipped": [],
          "duration": 1478,
          "root": false,
          "rootEmpty": false,
          "_timeout": 2000
        }
      ],
      "passes": [],
      "failures": [],
      "pending": [],
      "skipped": [],
      "duration": 0,
      "root": true,
      "rootEmpty": true,
      "_timeout": 2000
    }
  ],
  "meta": {
    "mocha": {
      "version": "7.0.1"
    },
    "mochawesome": {
      "options": {
        "quiet": false,
        "reportFilename": "mochawesome",
        "saveHtml": false,
        "saveJson": true,
        "consoleReporter": "spec",
        "useInlineDiffs": false,
        "code": true
      },
      "version": "7.1.3"
    },
    "marge": {
      "options": {
        "charts": true,
        "overwrite": false,
        "html": false,
        "json": true,
        "reportDir": "cypress/reports"
      },
      "version": "6.2.0"
    }
  }
}