{
  "stats": {
    "suites": 1,
    "tests": 1,
    "passes": 1,
    "pending": 0,
    "failures": 0,
    "start": "2023-08-04T14:45:52.085Z",
    "end": "2023-08-04T14:45:57.883Z",
    "duration": 5798,
    "testsRegistered": 1,
    "passPercent": 100,
    "pendingPercent": 0,
    "other": 0,
    "hasOther": false,
    "skipped": 0,
    "hasSkipped": false
  },
  "results": [
    {
      "uuid": "c851bf74-0570-4f9b-8371-d05a3b8c65f6",
      "title": "",
      "fullFile": "cypress/e2e/addToCart.cy.js",
      "file": "cypress/e2e/addToCart.cy.js",
      "beforeHooks": [],
      "afterHooks": [],
      "tests": [],
      "suites": [
        {
          "uuid": "67a16482-f004-47ab-9e34-7f92e95f0a07",
          "title": "Test Suite - E-Commerce Tests",
          "fullFile": "",
          "file": "",
          "beforeHooks": [],
          "afterHooks": [],
          "tests": [
            {
              "title": "Verify Tax for products",
              "fullTitle": "Test Suite - E-Commerce Tests Verify Tax for products",
              "timedOut": null,
              "duration": 3224,
              "state": "passed",
              "speed": "fast",
              "pass": true,
              "fail": false,
              "pending": false,
              "context": null,
              "code": "",
              "err": {},
              "uuid": "93208d3d-86ce-457e-8e0b-3513416b7bda",
              "parentUUID": "67a16482-f004-47ab-9e34-7f92e95f0a07",
              "isHook": false,
              "skipped": false
            }
          ],
          "suites": [],
          "passes": [
            "93208d3d-86ce-457e-8e0b-3513416b7bda"
          ],
          "failures": [],
          "pending": [],
          "skipped": [],
          "duration": 3224,
          "root": false,
          "rootEmpty": false,
          "_timeout": 2000
        }
      ],
      "passes": [],
      "failures": [],
      "pending": [],
      "skipped": [],
      "duration": 0,
      "root": true,
      "rootEmpty": true,
      "_timeout": 2000
    }
  ],
  "meta": {
    "mocha": {
      "version": "7.0.1"
    },
    "mochawesome": {
      "options": {
        "quiet": false,
        "reportFilename": "mochawesome",
        "saveHtml": false,
        "saveJson": true,
        "consoleReporter": "spec",
        "useInlineDiffs": false,
        "code": true
      },
      "version": "7.1.3"
    },
    "marge": {
      "options": {
        "charts": true,
        "overwrite": false,
        "html": false,
        "json": true,
        "reportDir": "cypress/reports"
      },
      "version": "6.2.0"
    }
  }
}